Determining if the pthread_create exist failed with the following output:
Change Dir: /home/hmartiney/proyecto-final-qx7/build/CMakeFiles/CMakeTmp

Run Build Command:"/usr/bin/gmake" "cmTC_33153/fast"
/usr/bin/gmake -f CMakeFiles/cmTC_33153.dir/build.make CMakeFiles/cmTC_33153.dir/build
gmake[1]: Entering directory '/home/hmartiney/proyecto-final-qx7/build/CMakeFiles/CMakeTmp'
Building C object CMakeFiles/cmTC_33153.dir/CheckSymbolExists.c.o
/usr/bin/cc    -o CMakeFiles/cmTC_33153.dir/CheckSymbolExists.c.o   -c /home/hmartiney/proyecto-final-qx7/build/CMakeFiles/CMakeTmp/CheckSymbolExists.c
Linking C executable cmTC_33153
/usr/bin/cmake -E cmake_link_script CMakeFiles/cmTC_33153.dir/link.txt --verbose=1
/usr/bin/cc      -rdynamic CMakeFiles/cmTC_33153.dir/CheckSymbolExists.c.o  -o cmTC_33153 
CMakeFiles/cmTC_33153.dir/CheckSymbolExists.c.o: In function `main':
CheckSymbolExists.c:(.text+0x16): undefined reference to `pthread_create'
collect2: error: ld returned 1 exit status
gmake[1]: *** [CMakeFiles/cmTC_33153.dir/build.make:87: cmTC_33153] Error 1
gmake[1]: Leaving directory '/home/hmartiney/proyecto-final-qx7/build/CMakeFiles/CMakeTmp'
gmake: *** [Makefile:126: cmTC_33153/fast] Error 2

File /home/hmartiney/proyecto-final-qx7/build/CMakeFiles/CMakeTmp/CheckSymbolExists.c:
/* */
#include <pthread.h>

int main(int argc, char** argv)
{
  (void)argv;
#ifndef pthread_create
  return ((int*)(&pthread_create))[argc];
#else
  (void)argc;
  return 0;
#endif
}

Determining if the function pthread_create exists in the pthreads failed with the following output:
Change Dir: /home/hmartiney/proyecto-final-qx7/build/CMakeFiles/CMakeTmp

Run Build Command:"/usr/bin/gmake" "cmTC_0c33f/fast"
/usr/bin/gmake -f CMakeFiles/cmTC_0c33f.dir/build.make CMakeFiles/cmTC_0c33f.dir/build
gmake[1]: Entering directory '/home/hmartiney/proyecto-final-qx7/build/CMakeFiles/CMakeTmp'
Building C object CMakeFiles/cmTC_0c33f.dir/CheckFunctionExists.c.o
/usr/bin/cc   -DCHECK_FUNCTION_EXISTS=pthread_create   -o CMakeFiles/cmTC_0c33f.dir/CheckFunctionExists.c.o   -c /usr/share/cmake/Modules/CheckFunctionExists.c
Linking C executable cmTC_0c33f
/usr/bin/cmake -E cmake_link_script CMakeFiles/cmTC_0c33f.dir/link.txt --verbose=1
/usr/bin/cc  -DCHECK_FUNCTION_EXISTS=pthread_create    -rdynamic CMakeFiles/cmTC_0c33f.dir/CheckFunctionExists.c.o  -o cmTC_0c33f -lpthreads 
/usr/bin/ld: cannot find -lpthreads
collect2: error: ld returned 1 exit status
gmake[1]: *** [CMakeFiles/cmTC_0c33f.dir/build.make:87: cmTC_0c33f] Error 1
gmake[1]: Leaving directory '/home/hmartiney/proyecto-final-qx7/build/CMakeFiles/CMakeTmp'
gmake: *** [Makefile:126: cmTC_0c33f/fast] Error 2


